<?xml version="1.0" encoding="UTF-8"?>
<testng-results skipped="0" failed="0" total="1" passed="1">
  <reporter-output>
  </reporter-output>
  <suite name="resources.FilmeResourceTest" duration-ms="63" started-at="2015-02-28T11:50:23Z" finished-at="2015-02-28T11:50:23Z">
    <groups>
    </groups>
    <test name="Command line test" duration-ms="63" started-at="2015-02-28T11:50:23Z" finished-at="2015-02-28T11:50:23Z">
      <class name="resources.FilmeResourceTest">
        <test-method status="PASS" signature="setUpClass()[pri:0, instance:resources.FilmeResourceTest@630bca49]" name="setUpClass" is-config="true" duration-ms="15" started-at="2015-02-28T08:50:23Z" finished-at="2015-02-28T08:50:23Z">
          <reporter-output>
          </reporter-output>
        </test-method> <!-- setUpClass -->
        <test-method status="PASS" signature="testCriacao()[pri:0, instance:resources.FilmeResourceTest@630bca49]" name="testCriacao" duration-ms="0" started-at="2015-02-28T08:50:23Z" finished-at="2015-02-28T08:50:23Z">
          <reporter-output>
          </reporter-output>
        </test-method> <!-- testCriacao -->
        <test-method status="PASS" signature="setUpMethod()[pri:0, instance:resources.FilmeResourceTest@630bca49]" name="setUpMethod" is-config="true" duration-ms="0" started-at="2015-02-28T08:50:23Z" finished-at="2015-02-28T08:50:23Z">
          <reporter-output>
          </reporter-output>
        </test-method> <!-- setUpMethod -->
        <test-method status="PASS" signature="tearDownClass()[pri:0, instance:resources.FilmeResourceTest@630bca49]" name="tearDownClass" is-config="true" duration-ms="16" started-at="2015-02-28T08:50:23Z" finished-at="2015-02-28T08:50:23Z">
          <reporter-output>
          </reporter-output>
        </test-method> <!-- tearDownClass -->
        <test-method status="PASS" signature="tearDownMethod()[pri:0, instance:resources.FilmeResourceTest@630bca49]" name="tearDownMethod" is-config="true" duration-ms="0" started-at="2015-02-28T08:50:23Z" finished-at="2015-02-28T08:50:23Z">
          <reporter-output>
          </reporter-output>
        </test-method> <!-- tearDownMethod -->
      </class> <!-- resources.FilmeResourceTest -->
    </test> <!-- Command line test -->
  </suite> <!-- resources.FilmeResourceTest -->
</testng-results>
