<?xml version="1.0" encoding="UTF-8"?>
<testng-results skipped="0" failed="0" total="1" passed="1">
  <reporter-output>
  </reporter-output>
  <suite name="Surefire suite" duration-ms="109" started-at="2015-04-05T21:00:23Z" finished-at="2015-04-05T21:00:23Z">
    <groups>
    </groups>
    <test name="Surefire test" duration-ms="109" started-at="2015-04-05T21:00:23Z" finished-at="2015-04-05T21:00:23Z">
      <class name="br.com.locadora.model.ClienteTest">
        <test-method status="PASS" signature="testCreateUpdate()[pri:0, instance:br.com.locadora.model.ClienteTest@79b4d0f]" name="testCreateUpdate" duration-ms="63" started-at="2015-04-05T18:00:23Z" finished-at="2015-04-05T18:00:23Z">
          <reporter-output>
          </reporter-output>
        </test-method> <!-- testCreateUpdate -->
      </class> <!-- br.com.locadora.model.ClienteTest -->
    </test> <!-- Surefire test -->
  </suite> <!-- Surefire suite -->
</testng-results>
